Arguments: 
  /usr/local/Cellar/node/13.3.0/bin/node /usr/local/Cellar/yarn/1.21.1/libexec/bin/yarn.js add Nodejs

PATH: 
  /Users/julianafogg/.rvm/gems/ruby-2.6.5/bin:/Users/julianafogg/.rvm/gems/ruby-2.6.5@global/bin:/Users/julianafogg/.rvm/rubies/ruby-2.6.5/bin:/Users/julianafogg/.rvm/bin:/Applications/Postgres.app/Contents/Versions/latest/bin:/usr/local:/usr/local/bin:/usr/local/sbin:/usr/bin:/usr/local/bin:/usr/bin:/bin:/usr/sbin:/sbin:/Applications/Postgres.app/Contents/Versions/latest/bin:/usr/local:/usr/local/sbin

Yarn version: 
  1.21.1

Node version: 
  13.3.0

Platform: 
  darwin x64

Trace: 
  Error: https://registry.yarnpkg.com/Nodejs: Not found
      at Request.params.callback [as _callback] (/usr/local/Cellar/yarn/1.21.1/libexec/lib/cli.js:66947:18)
      at Request.self.callback (/usr/local/Cellar/yarn/1.21.1/libexec/lib/cli.js:140665:22)
      at Request.emit (events.js:219:5)
      at Request.<anonymous> (/usr/local/Cellar/yarn/1.21.1/libexec/lib/cli.js:141637:10)
      at Request.emit (events.js:219:5)
      at IncomingMessage.<anonymous> (/usr/local/Cellar/yarn/1.21.1/libexec/lib/cli.js:141559:12)
      at Object.onceWrapper (events.js:308:28)
      at IncomingMessage.emit (events.js:224:7)
      at endReadableNT (_stream_readable.js:1206:12)
      at processTicksAndRejections (internal/process/task_queues.js:84:21)

npm manifest: 
  {
    "name": "mindfulchild-backend",
    "version": "1.0.0",
    "description": "This README would normally document whatever steps are necessary to get the application up and running.",
    "main": "index.js",
    "directories": {
      "lib": "lib",
      "test": "test"
    },
    "dependencies": {
      "pkg": "^4.4.2"
    },
    "devDependencies": {},
    "scripts": {
      "build": "cd client && npm install && npm run build && cd ..",
      "deploy": "cp -a client/build/. public/",
      "postinstall": "npm run build && npm run deploy && echo 'Client built!'"
    },
    "repository": {
      "type": "git",
      "url": "git+https://github.com/MERCERNYC/mindfulchild-backend.git"
    },
    "author": "",
    "license": "ISC",
  
    "engines": {
      "node": "13.3.0"
    },
  
    "bugs": {
      "url": "https://github.com/MERCERNYC/mindfulchild-backend/issues"
    },
    "homepage": "https://github.com/MERCERNYC/mindfulchild-backend#readme"
  }

yarn manifest: 
  No manifest

Lockfile: 
  No lockfile
